<?xml version="1.0" encoding="UTF-8"?>
<!-- Generated by org.testng.reporters.JUnitXMLReporter -->
<testsuite hostname="DESKTOP-48DV5E4" ignored="5" name="Smoke Test" tests="2" failures="2" timestamp="16 Jun 2019 19:53:43 GMT" time="11.124" errors="0">
  <testcase name="doLogin" time="3.388" classname="com.syntax.testcases.LoginPageTest">
    <failure type="java.lang.AssertionError" message="expected [true] but found [false]">
      <![CDATA[java.lang.AssertionError: expected [true] but found [false]
at com.syntax.testcases.LoginPageTest.doLogin(LoginPageTest.java:43)
... Removed 29 stack frames]]>
    </failure>
  </testcase> <!-- doLogin -->
  <testcase name="doLogin" time="9.673" classname="com.syntax.testcases.LoginPageTest">
    <failure type="java.lang.UnsatisfiedLinkError" message="sun.nio.ch.FileDispatcherImpl.seek0(Ljava/io/FileDescriptor;J)J">
      <![CDATA[java.lang.UnsatisfiedLinkError: sun.nio.ch.FileDispatcherImpl.seek0(Ljava/io/FileDescriptor;J)J
at sun.nio.ch.FileDispatcherImpl.seek0(Native Method)
at sun.nio.ch.FileDispatcherImpl.seek(Unknown Source)
at sun.nio.ch.FileChannelImpl.position(Unknown Source)
at sun.nio.ch.FileChannelImpl.transferFromFileChannel(Unknown Source)
at sun.nio.ch.FileChannelImpl.transferFrom(Unknown Source)
at org.apache.commons.io.FileUtils.doCopyFile(FileUtils.java:1131)
at org.apache.commons.io.FileUtils.copyFile(FileUtils.java:1076)
at org.apache.commons.io.FileUtils.copyFile(FileUtils.java:1028)
at com.syntax.utils.CommonMethods.takeScreenshot(CommonMethods.java:184)
at com.syntax.utils.Listeners.onTestFailure(Listeners.java:26)
... Removed 22 stack frames]]>
    </failure>
  </testcase> <!-- doLogin -->
  <testcase name="negativeLogin" time="0.0" classname="com.syntax.testcases.LoginPageTest">
    <ignored/>
  </testcase> <!-- negativeLogin -->
  <testcase name="addEmployee" time="0.0" classname="com.syntax.testcases.AddEmployeePageTest">
    <ignored/>
  </testcase> <!-- addEmployee -->
  <testcase name="testing" time="0.0" classname="com.syntax.testcases.ArrayReview">
    <ignored/>
  </testcase> <!-- testing -->
  <testcase name="@BeforeTest generateReport" time="0.0" classname="com.syntax.utils.BaseClass">
    <ignored/>
  </testcase> <!-- @BeforeTest generateReport -->
  <testcase name="@AfterTest flushReport" time="0.0" classname="com.syntax.utils.BaseClass">
    <ignored/>
  </testcase> <!-- @AfterTest flushReport -->
</testsuite> <!-- Smoke Test -->
