<?xml version="1.0" encoding="UTF-8"?>
<!-- Generated by org.testng.reporters.JUnitXMLReporter -->
<testsuite hostname="DESKTOP-48DV5E4" ignored="2" name="regression" tests="3" failures="0" timestamp="16 Jun 2019 15:07:57 GMT" time="27.506" errors="0">
  <testcase name="doLogin" time="3.082" classname="com.syntax.testcases.LoginPageTest"/>
  <testcase name="loginToOrangeHRM" time="2.804" classname="com.syntax.testcases.LoginPageTest"/>
  <testcase name="negativeLogin" time="2.137" classname="com.syntax.testcases.LoginPageTest"/>
  <testcase name="addEmployee" time="0.0" classname="com.syntax.testcases.AddEmployeePageTest">
    <ignored/>
  </testcase> <!-- addEmployee -->
  <testcase name="testing" time="0.0" classname="com.syntax.testcases.ArrayReview">
    <ignored/>
  </testcase> <!-- testing -->
</testsuite> <!-- regression -->
